<?xml version="1.0" encoding="UTF-8"?>
<!-- Generated by org.testng.reporters.JUnitReportReporter -->
<testsuite skipped="0" hostname="DESKTOP-VD9B9HD" name="com.makemytrip.qa.testcases.Hotels_Page_Test" tests="2" failures="0" timestamp="19 Jan 2020 18:38:02 GMT" time="22.918" errors="0">
  <testcase name="navHotelsPage" time="6.306" classname="com.makemytrip.qa.testcases.Hotels_Page_Test"/>
  <testcase name="searchSpecificHotel" time="16.612" classname="com.makemytrip.qa.testcases.Hotels_Page_Test"/>
</testsuite> <!-- com.makemytrip.qa.testcases.Hotels_Page_Test -->
