<?xml version="1.0" encoding="UTF-8"?>
<!-- Generated by org.testng.reporters.JUnitReportReporter -->
<testsuite skipped="2" hostname="DESKTOP-VD9B9HD" name="com.makemytrip.qa.testcases.Flights_Page_Test" tests="3" failures="0" timestamp="20 Jan 2020 18:07:15 GMT" time="10.679" errors="0">
  <testcase name="searchSpecificFlight_2" time="10.679" classname="com.makemytrip.qa.testcases.Flights_Page_Test"/>
  <testcase name="searchSpecificFlight" classname="com.makemytrip.qa.testcases.Flights_Page_Test">
    <skipped/>
  </testcase> <!-- searchSpecificFlight -->
  <testcase name="navFilightsPage" classname="com.makemytrip.qa.testcases.Flights_Page_Test">
    <skipped/>
  </testcase> <!-- navFilightsPage -->
</testsuite> <!-- com.makemytrip.qa.testcases.Flights_Page_Test -->
