<?xml version="1.0" encoding="UTF-8"?>
<!-- Generated by org.testng.reporters.JUnitReportReporter -->
<testsuite hostname="LAPTOP-RP7E2K3I" failures="0" tests="1" name="com.makemytrip.qa.testcases.Login_Page_Test" time="28.543" errors="0" timestamp="12 Jan 2020 18:34:15 GMT" skipped="0">
  <testcase classname="com.makemytrip.qa.testcases.Login_Page_Test" name="loginTest" time="28.543"/>
</testsuite> <!-- com.makemytrip.qa.testcases.Login_Page_Test -->
