<?xml version="1.0" encoding="UTF-8"?>
<!-- Generated by org.testng.reporters.JUnitReportReporter -->
<testsuite skipped="0" hostname="DESKTOP-VD9B9HD" name="com.makemytrip.qa.testcases.Testss" tests="1" failures="0" timestamp="15 Jan 2020 10:46:46 GMT" time="0.014" errors="0">
  <testcase name="m1" time="0.014" classname="com.makemytrip.qa.testcases.Testss"/>
</testsuite> <!-- com.makemytrip.qa.testcases.Testss -->
