<?xml version="1.0" encoding="UTF-8"?>
<!-- Generated by org.testng.reporters.JUnitReportReporter -->
<testsuite skipped="4" hostname="DESKTOP-VD9B9HD" name="com.makemytrip.qa.testcases.Login_Page_Test" tests="5" failures="0" timestamp="19 Jan 2020 18:38:02 GMT" time="11.774" errors="0">
  <testcase name="loginCheck_ValidUserDetails" time="11.774" classname="com.makemytrip.qa.testcases.Login_Page_Test"/>
  <testcase name="loginCheck_InvalidPassword" classname="com.makemytrip.qa.testcases.Login_Page_Test">
    <skipped/>
  </testcase> <!-- loginCheck_InvalidPassword -->
  <testcase name="loginCheck_BlankPassword" classname="com.makemytrip.qa.testcases.Login_Page_Test">
    <skipped/>
  </testcase> <!-- loginCheck_BlankPassword -->
  <testcase name="loginCheck_InvalidUserName" classname="com.makemytrip.qa.testcases.Login_Page_Test">
    <skipped/>
  </testcase> <!-- loginCheck_InvalidUserName -->
  <testcase name="loginCheck_BlankUserName" classname="com.makemytrip.qa.testcases.Login_Page_Test">
    <skipped/>
  </testcase> <!-- loginCheck_BlankUserName -->
</testsuite> <!-- com.makemytrip.qa.testcases.Login_Page_Test -->
