<?xml version="1.0" encoding="UTF-8"?>
<!-- Generated by org.testng.reporters.JUnitReportReporter -->
<testsuite skipped="0" hostname="Bheemesh-Desktop" name="com.makemytrip.qa.testcases.Holidays_Page_Test" tests="1" failures="0" timestamp="23 Jan 2020 16:47:59 GMT" time="7.073" errors="0">
  <testcase name="navHolidaysPage" time="7.073" classname="com.makemytrip.qa.testcases.Holidays_Page_Test"/>
</testsuite> <!-- com.makemytrip.qa.testcases.Holidays_Page_Test -->
