<?xml version="1.0" encoding="UTF-8"?>
<!-- Generated by org.testng.reporters.JUnitReportReporter -->
<testsuite skipped="0" hostname="DESKTOP-VD9B9HD" name="com.makemytrip.qa.testcases.Villas_Apt_Page_Test" tests="1" failures="0" timestamp="20 Jan 2020 18:18:54 GMT" time="5.781" errors="0">
  <testcase name="navVillasPage" time="5.781" classname="com.makemytrip.qa.testcases.Villas_Apt_Page_Test"/>
</testsuite> <!-- com.makemytrip.qa.testcases.Villas_Apt_Page_Test -->
