<?xml version="1.0" encoding="UTF-8"?>
<!-- Generated by org.testng.reporters.JUnitReportReporter -->
<testsuite skipped="0" hostname="Bheemesh-Desktop" name="com.makemytrip.qa.testcases.Villas_Apt_Page_Test" tests="1" failures="0" timestamp="27 Jan 2020 17:16:39 GMT" time="7.128" errors="0">
  <testcase name="navVillasPage" time="7.128" classname="com.makemytrip.qa.testcases.Villas_Apt_Page_Test"/>
</testsuite> <!-- com.makemytrip.qa.testcases.Villas_Apt_Page_Test -->
