<?xml version="1.0" encoding="UTF-8"?>
<!-- Generated by org.testng.reporters.JUnitReportReporter -->
<testsuite skipped="0" hostname="DESKTOP-VD9B9HD" name="com.makemytrip.qa.testcases.Flights_Page_Test" tests="2" failures="0" timestamp="19 Jan 2020 18:38:02 GMT" time="29.257" errors="0">
  <testcase name="navFilightsPage" time="7.194" classname="com.makemytrip.qa.testcases.Flights_Page_Test"/>
  <testcase name="searchSpecificFlight" time="22.063" classname="com.makemytrip.qa.testcases.Flights_Page_Test"/>
</testsuite> <!-- com.makemytrip.qa.testcases.Flights_Page_Test -->
