<?xml version="1.0" encoding="UTF-8"?>
<!-- Generated by org.testng.reporters.JUnitReportReporter -->
<testsuite skipped="0" hostname="Bheemesh-Desktop" name="com.makemytrip.qa.testcases.Hotels_Page_Test" tests="2" failures="0" timestamp="27 Jan 2020 17:16:39 GMT" time="26.572" errors="0">
  <testcase name="navHotelsPage" time="7.841" classname="com.makemytrip.qa.testcases.Hotels_Page_Test"/>
  <testcase name="searchSpecificHotel" time="18.731" classname="com.makemytrip.qa.testcases.Hotels_Page_Test"/>
</testsuite> <!-- com.makemytrip.qa.testcases.Hotels_Page_Test -->
