<?xml version="1.0" encoding="UTF-8"?>
<!-- Generated by org.testng.reporters.JUnitReportReporter -->
<testsuite skipped="0" hostname="DESKTOP-VD9B9HD" name="com.makemytrip.qa.testcases.Holidays_Page_Test" tests="1" failures="0" timestamp="20 Jan 2020 18:18:55 GMT" time="5.770" errors="0">
  <testcase name="navHolidaysPage" time="5.770" classname="com.makemytrip.qa.testcases.Holidays_Page_Test"/>
</testsuite> <!-- com.makemytrip.qa.testcases.Holidays_Page_Test -->
