<?xml version="1.0" encoding="UTF-8"?>
<!-- Generated by org.testng.reporters.JUnitReportReporter -->
<testsuite skipped="0" hostname="DESKTOP-VD9B9HD" name="com.makemytrip.qa.testcases.Villas_Apt_Page_Test" tests="1" failures="0" timestamp="19 Jan 2020 18:38:02 GMT" time="6.872" errors="0">
  <testcase name="navVillasPage" time="6.872" classname="com.makemytrip.qa.testcases.Villas_Apt_Page_Test"/>
</testsuite> <!-- com.makemytrip.qa.testcases.Villas_Apt_Page_Test -->
