<?xml version="1.0" encoding="UTF-8"?>
<!-- Generated by org.testng.reporters.JUnitReportReporter -->
<testsuite skipped="0" hostname="DESKTOP-VD9B9HD" name="com.makemytrip.qa.testcases.Flights_Page_Test" tests="1" failures="0" timestamp="15 Jan 2020 11:13:59 GMT" time="7.438" errors="0">
  <testcase name="navFilightsPage" time="7.438" classname="com.makemytrip.qa.testcases.Flights_Page_Test"/>
</testsuite> <!-- com.makemytrip.qa.testcases.Flights_Page_Test -->
