<?xml version="1.0" encoding="UTF-8"?>
<!-- Generated by org.testng.reporters.JUnitReportReporter -->
<testsuite skipped="0" hostname="Bheemesh-Desktop" name="com.makemytrip.qa.testcases.Hotels_Page_Test" tests="2" failures="0" timestamp="23 Jan 2020 16:47:59 GMT" time="25.847" errors="0">
  <testcase name="navHotelsPage" time="7.008" classname="com.makemytrip.qa.testcases.Hotels_Page_Test"/>
  <testcase name="searchSpecificHotel" time="18.839" classname="com.makemytrip.qa.testcases.Hotels_Page_Test"/>
</testsuite> <!-- com.makemytrip.qa.testcases.Hotels_Page_Test -->
