<?xml version="1.0" encoding="UTF-8"?>
<!-- Generated by org.testng.reporters.JUnitReportReporter -->
<testsuite skipped="0" hostname="Bheemesh-Desktop" name="com.makemytrip.qa.testcases.Holidays_Page_Test" tests="1" failures="0" timestamp="27 Jan 2020 17:07:27 GMT" time="7.661" errors="0">
  <testcase name="navHolidaysPage" time="7.661" classname="com.makemytrip.qa.testcases.Holidays_Page_Test"/>
</testsuite> <!-- com.makemytrip.qa.testcases.Holidays_Page_Test -->
